  WayPoint.cpp
  LevelLoader.cpp
  CollisionBox.cpp
  BTMath.cpp
c:\users\c00202334\documents\labs-davemau51074\programmingtankwithwall2\programming\src\utils\btmath.cpp(23): warning C4244: '=': conversion from 'double' to 'float', possible loss of data
  RenderSystem.cpp
c:\users\c00202334\documents\labs-davemau51074\programmingtankwithwall2\programming\src\systems\rendersystem.cpp(29): warning C4244: 'argument': conversion from 'float' to 'int', possible loss of data
c:\users\c00202334\documents\labs-davemau51074\programmingtankwithwall2\programming\src\systems\rendersystem.cpp(38): warning C4244: 'argument': conversion from 'double' to 'float', possible loss of data
c:\users\c00202334\documents\labs-davemau51074\programmingtankwithwall2\programming\src\systems\rendersystem.cpp(42): warning C4244: 'argument': conversion from 'double' to 'float', possible loss of data
c:\users\c00202334\documents\labs-davemau51074\programmingtankwithwall2\programming\src\systems\rendersystem.cpp(55): warning C4244: 'argument': conversion from 'double' to 'float', possible loss of data
  PlayerControlSystem.cpp
  MovementSystem.cpp
c:\users\c00202334\documents\labs-davemau51074\programmingtankwithwall2\programming\src\systems\movementsystem.cpp(21): warning C4244: 'argument': conversion from 'double' to 'float', possible loss of data
  LevelSystem.cpp
  AiControlSystem.cpp
  ScreenSize.cpp
  ResourcePath.cpp
  main.cpp
  KeyHandler.cpp
  GameManager.cpp
  Game.cpp
c:\users\c00202334\documents\labs-davemau51074\programmingtankwithwall2\programming\src\game.cpp(9): warning C4244: 'initializing': conversion from 'double' to 'sf::Int32', possible loss of data
  EntityCreator.cpp
c:\users\c00202334\documents\labs-davemau51074\programmingtankwithwall2\programming\include\entityx\entity.h(582): warning C4291: 'void *operator new(std::size_t,void *) throw()': no matching operator delete found; memory will not be freed if initialization throws an exception
  c:\program files (x86)\microsoft visual studio 14.0\vc\include\vcruntime_new.h(86): note: see declaration of 'operator new'
  c:\users\c00202334\documents\labs-davemau51074\programmingtankwithwall2\programming\include\entityx\entity.h(866): note: see reference to function template instantiation 'entityx::ComponentHandle<Derived,entityx::EntityManager> entityx::EntityManager::assign<C,>(entityx::Entity::Id)' being compiled
          with
          [
              Derived=Position,
              C=Position
          ]
  c:\users\c00202334\documents\labs-davemau51074\programmingtankwithwall2\programming\src\entitycreator.cpp(13): note: see reference to function template instantiation 'entityx::ComponentHandle<Derived,entityx::EntityManager> entityx::Entity::assign<Position,>(void)' being compiled
          with
          [
              Derived=Position
          ]
c:\users\c00202334\documents\labs-davemau51074\programmingtankwithwall2\programming\include\entityx\entity.h(582): warning C4244: 'argument': conversion from 'int' to 'const float', possible loss of data
  c:\users\c00202334\documents\labs-davemau51074\programmingtankwithwall2\programming\include\entityx\entity.h(866): note: see reference to function template instantiation 'entityx::ComponentHandle<Derived,entityx::EntityManager> entityx::EntityManager::assign<C,_Ty>(entityx::Entity::Id,_Ty &&)' being compiled
          with
          [
              Derived=Motion,
              C=Motion,
              _Ty=int
          ]
  c:\users\c00202334\documents\labs-davemau51074\programmingtankwithwall2\programming\src\entitycreator.cpp(28): note: see reference to function template instantiation 'entityx::ComponentHandle<Derived,entityx::EntityManager> entityx::Entity::assign<Motion,int>(int &&)' being compiled
          with
          [
              Derived=Motion
          ]
  Wall.cpp
  Volume.cpp
  Turret.cpp
  Tank.cpp
  Generating Code...
  Compiling...
  Position.cpp
  PlayerControl.cpp
  Parent.cpp
  Motion.cpp
  Display.cpp
  Background.cpp
  Ai.cpp
  TankAi.cpp
c:\users\c00202334\documents\labs-davemau51074\programmingtankwithwall2\programming\src\ai\tankai.cpp(141): warning C4244: 'argument': conversion from 'double' to 'float', possible loss of data
  HUDSystem.cpp
  Generating Code...
entityx-d.lib(System.obj) : warning LNK4099: PDB 'entityx.pdb' was not found with 'entityx-d.lib(System.obj)' or at 'C:\Users\c00202334\Documents\labs-davemau51074\programmingTankWithWall2\programming\Debug\entityx.pdb'; linking object as if no debug info
entityx-d.lib(Event.obj) : warning LNK4099: PDB 'entityx.pdb' was not found with 'entityx-d.lib(Event.obj)' or at 'C:\Users\c00202334\Documents\labs-davemau51074\programmingTankWithWall2\programming\Debug\entityx.pdb'; linking object as if no debug info
entityx-d.lib(Entity.obj) : warning LNK4099: PDB 'entityx.pdb' was not found with 'entityx-d.lib(Entity.obj)' or at 'C:\Users\c00202334\Documents\labs-davemau51074\programmingTankWithWall2\programming\Debug\entityx.pdb'; linking object as if no debug info
entityx-d.lib(Pool.obj) : warning LNK4099: PDB 'entityx.pdb' was not found with 'entityx-d.lib(Pool.obj)' or at 'C:\Users\c00202334\Documents\labs-davemau51074\programmingTankWithWall2\programming\Debug\entityx.pdb'; linking object as if no debug info
libyaml-cppmdd.lib(directives.obj) : warning LNK4099: PDB 'yaml-cpp static md.pdb' was not found with 'libyaml-cppmdd.lib(directives.obj)' or at 'C:\Users\c00202334\Documents\labs-davemau51074\programmingTankWithWall2\programming\Debug\yaml-cpp static md.pdb'; linking object as if no debug info
libyaml-cppmdd.lib(exp.obj) : warning LNK4099: PDB 'yaml-cpp static md.pdb' was not found with 'libyaml-cppmdd.lib(exp.obj)' or at 'C:\Users\c00202334\Documents\labs-davemau51074\programmingTankWithWall2\programming\Debug\yaml-cpp static md.pdb'; linking object as if no debug info
libyaml-cppmdd.lib(memory.obj) : warning LNK4099: PDB 'yaml-cpp static md.pdb' was not found with 'libyaml-cppmdd.lib(memory.obj)' or at 'C:\Users\c00202334\Documents\labs-davemau51074\programmingTankWithWall2\programming\Debug\yaml-cpp static md.pdb'; linking object as if no debug info
libyaml-cppmdd.lib(nodebuilder.obj) : warning LNK4099: PDB 'yaml-cpp static md.pdb' was not found with 'libyaml-cppmdd.lib(nodebuilder.obj)' or at 'C:\Users\c00202334\Documents\labs-davemau51074\programmingTankWithWall2\programming\Debug\yaml-cpp static md.pdb'; linking object as if no debug info
libyaml-cppmdd.lib(node_data.obj) : warning LNK4099: PDB 'yaml-cpp static md.pdb' was not found with 'libyaml-cppmdd.lib(node_data.obj)' or at 'C:\Users\c00202334\Documents\labs-davemau51074\programmingTankWithWall2\programming\Debug\yaml-cpp static md.pdb'; linking object as if no debug info
libyaml-cppmdd.lib(null.obj) : warning LNK4099: PDB 'yaml-cpp static md.pdb' was not found with 'libyaml-cppmdd.lib(null.obj)' or at 'C:\Users\c00202334\Documents\labs-davemau51074\programmingTankWithWall2\programming\Debug\yaml-cpp static md.pdb'; linking object as if no debug info
libyaml-cppmdd.lib(parse.obj) : warning LNK4099: PDB 'yaml-cpp static md.pdb' was not found with 'libyaml-cppmdd.lib(parse.obj)' or at 'C:\Users\c00202334\Documents\labs-davemau51074\programmingTankWithWall2\programming\Debug\yaml-cpp static md.pdb'; linking object as if no debug info
libyaml-cppmdd.lib(parser.obj) : warning LNK4099: PDB 'yaml-cpp static md.pdb' was not found with 'libyaml-cppmdd.lib(parser.obj)' or at 'C:\Users\c00202334\Documents\labs-davemau51074\programmingTankWithWall2\programming\Debug\yaml-cpp static md.pdb'; linking object as if no debug info
libyaml-cppmdd.lib(regex_yaml.obj) : warning LNK4099: PDB 'yaml-cpp static md.pdb' was not found with 'libyaml-cppmdd.lib(regex_yaml.obj)' or at 'C:\Users\c00202334\Documents\labs-davemau51074\programmingTankWithWall2\programming\Debug\yaml-cpp static md.pdb'; linking object as if no debug info
libyaml-cppmdd.lib(scanner.obj) : warning LNK4099: PDB 'yaml-cpp static md.pdb' was not found with 'libyaml-cppmdd.lib(scanner.obj)' or at 'C:\Users\c00202334\Documents\labs-davemau51074\programmingTankWithWall2\programming\Debug\yaml-cpp static md.pdb'; linking object as if no debug info
libyaml-cppmdd.lib(scanscalar.obj) : warning LNK4099: PDB 'yaml-cpp static md.pdb' was not found with 'libyaml-cppmdd.lib(scanscalar.obj)' or at 'C:\Users\c00202334\Documents\labs-davemau51074\programmingTankWithWall2\programming\Debug\yaml-cpp static md.pdb'; linking object as if no debug info
libyaml-cppmdd.lib(scantag.obj) : warning LNK4099: PDB 'yaml-cpp static md.pdb' was not found with 'libyaml-cppmdd.lib(scantag.obj)' or at 'C:\Users\c00202334\Documents\labs-davemau51074\programmingTankWithWall2\programming\Debug\yaml-cpp static md.pdb'; linking object as if no debug info
libyaml-cppmdd.lib(scantoken.obj) : warning LNK4099: PDB 'yaml-cpp static md.pdb' was not found with 'libyaml-cppmdd.lib(scantoken.obj)' or at 'C:\Users\c00202334\Documents\labs-davemau51074\programmingTankWithWall2\programming\Debug\yaml-cpp static md.pdb'; linking object as if no debug info
libyaml-cppmdd.lib(simplekey.obj) : warning LNK4099: PDB 'yaml-cpp static md.pdb' was not found with 'libyaml-cppmdd.lib(simplekey.obj)' or at 'C:\Users\c00202334\Documents\labs-davemau51074\programmingTankWithWall2\programming\Debug\yaml-cpp static md.pdb'; linking object as if no debug info
libyaml-cppmdd.lib(singledocparser.obj) : warning LNK4099: PDB 'yaml-cpp static md.pdb' was not found with 'libyaml-cppmdd.lib(singledocparser.obj)' or at 'C:\Users\c00202334\Documents\labs-davemau51074\programmingTankWithWall2\programming\Debug\yaml-cpp static md.pdb'; linking object as if no debug info
libyaml-cppmdd.lib(stream.obj) : warning LNK4099: PDB 'yaml-cpp static md.pdb' was not found with 'libyaml-cppmdd.lib(stream.obj)' or at 'C:\Users\c00202334\Documents\labs-davemau51074\programmingTankWithWall2\programming\Debug\yaml-cpp static md.pdb'; linking object as if no debug info
libyaml-cppmdd.lib(tag.obj) : warning LNK4099: PDB 'yaml-cpp static md.pdb' was not found with 'libyaml-cppmdd.lib(tag.obj)' or at 'C:\Users\c00202334\Documents\labs-davemau51074\programmingTankWithWall2\programming\Debug\yaml-cpp static md.pdb'; linking object as if no debug info
  ECS_Example.vcxproj -> C:\Users\c00202334\Documents\labs-davemau51074\programmingTankWithWall2\programming\Debug\ECS_Example.exe
  ECS_Example.vcxproj -> C:\Users\c00202334\Documents\labs-davemau51074\programmingTankWithWall2\programming\Debug\ECS_Example.pdb (Partial PDB)
  C:\Users\c00202334\Documents\labs-davemau51074\programmingTankWithWall2\programming\dlls\sfml-audio-2.dll
  C:\Users\c00202334\Documents\labs-davemau51074\programmingTankWithWall2\programming\dlls\sfml-audio-d-2.dll
  C:\Users\c00202334\Documents\labs-davemau51074\programmingTankWithWall2\programming\dlls\sfml-graphics-2.dll
  C:\Users\c00202334\Documents\labs-davemau51074\programmingTankWithWall2\programming\dlls\sfml-graphics-d-2.dll
  C:\Users\c00202334\Documents\labs-davemau51074\programmingTankWithWall2\programming\dlls\sfml-network-2.dll
  C:\Users\c00202334\Documents\labs-davemau51074\programmingTankWithWall2\programming\dlls\sfml-network-d-2.dll
  C:\Users\c00202334\Documents\labs-davemau51074\programmingTankWithWall2\programming\dlls\sfml-system-2.dll
  C:\Users\c00202334\Documents\labs-davemau51074\programmingTankWithWall2\programming\dlls\sfml-system-d-2.dll
  C:\Users\c00202334\Documents\labs-davemau51074\programmingTankWithWall2\programming\dlls\sfml-window-2.dll
  C:\Users\c00202334\Documents\labs-davemau51074\programmingTankWithWall2\programming\dlls\sfml-window-d-2.dll
  C:\Users\c00202334\Documents\labs-davemau51074\programmingTankWithWall2\programming\dlls\thor-d.dll
         11 file(s) copied.
